<?xml version="1.0" encoding="UTF-8"?>
<!-- Generated by org.testng.reporters.JUnitXMLReporter -->
<testsuite hostname="DESKTOP-H52ER5F" ignored="1" name="Default test" tests="2" failures="0" timestamp="2022-03-04T14:15:15 IST" time="49.996" errors="0">
  <testcase name="login" time="26.22" classname="mentors.demosite"/>
  <testcase name="logout" time="6.566" classname="mentors.demosite"/>
  <testcase name="signup" time="0.0" classname="mentors.demosite">
    <ignored/>
  </testcase> <!-- signup -->
</testsuite> <!-- Default test -->
