<?xml version="1.0" encoding="UTF-8"?>
<testng-results skipped="0" failed="0" ignored="1" total="3" passed="2">
  <reporter-output>
  </reporter-output>
  <suite name="Default suite" duration-ms="49996" started-at="2022-03-04T14:14:25 IST" finished-at="2022-03-04T14:15:15 IST">
    <groups>
    </groups>
    <test name="Default test" duration-ms="49996" started-at="2022-03-04T14:14:25 IST" finished-at="2022-03-04T14:15:15 IST">
      <class name="mentors.demosite">
        <test-method status="PASS" signature="BT()[pri:0, instance:mentors.demosite@bdb505]" name="BT" is-config="true" duration-ms="14087" started-at="2022-03-04T14:14:25 IST" finished-at="2022-03-04T14:14:39 IST">
          <reporter-output>
          </reporter-output>
        </test-method> <!-- BT -->
        <test-method status="PASS" signature="login()[pri:1, instance:mentors.demosite@bdb505]" name="login" duration-ms="26220" started-at="2022-03-04T14:14:39 IST" finished-at="2022-03-04T14:15:05 IST">
          <reporter-output>
          </reporter-output>
        </test-method> <!-- login -->
        <test-method status="PASS" signature="logout()[pri:2, instance:mentors.demosite@bdb505]" name="logout" duration-ms="6566" started-at="2022-03-04T14:15:05 IST" finished-at="2022-03-04T14:15:12 IST">
          <reporter-output>
          </reporter-output>
        </test-method> <!-- logout -->
        <test-method status="PASS" signature="AT()[pri:0, instance:mentors.demosite@bdb505]" name="AT" is-config="true" duration-ms="3052" started-at="2022-03-04T14:15:12 IST" finished-at="2022-03-04T14:15:15 IST">
          <reporter-output>
          </reporter-output>
        </test-method> <!-- AT -->
      </class> <!-- mentors.demosite -->
    </test> <!-- Default test -->
  </suite> <!-- Default suite -->
</testng-results>
